<?xml version="1.0" encoding="UTF-8"?>
<!-- Generated by org.testng.reporters.JUnitReportReporter -->
<testsuite hostname="DESKTOP-96PLIVG" failures="0" tests="1" name="PlanningUnitINFO.AddNewPlanningUnit" time="69.028" errors="0" timestamp="2020-12-01T19:37:34 BDT" skipped="0">
  <testcase classname="PlanningUnitINFO.AddNewPlanningUnit" name="f" time="69.028"/>
  <system-out/>
</testsuite> <!-- PlanningUnitINFO.AddNewPlanningUnit -->
