<?xml version="1.0" encoding="UTF-8"?>
<!-- Generated by org.testng.reporters.JUnitReportReporter -->
<testsuite hostname="DESKTOP-96PLIVG" failures="0" tests="2" name="PlanningUnitINFO.InitialViewPage" time="98.253" errors="0" timestamp="2020-12-01T19:44:35 BDT" skipped="0">
  <testcase classname="PlanningUnitINFO.InitialViewPage" name="testLogin" time="77.695"/>
  <system-out/>
  <testcase classname="PlanningUnitINFO.InitialViewPage" name="testPlanningPage" time="20.558"/>
  <system-out/>
</testsuite> <!-- PlanningUnitINFO.InitialViewPage -->
