<?xml version="1.0" encoding="UTF-8"?>
<!-- Generated by org.testng.reporters.JUnitReportReporter -->
<testsuite hostname="DESKTOP-96PLIVG" failures="0" tests="2" name="Activity.AllPlanningPageUI" time="85.375" errors="0" timestamp="2020-11-29T15:01:10 BDT" skipped="0">
  <testcase classname="Activity.AllPlanningPageUI" name="testPlanningPage" time="78.970"/>
  <system-out/>
  <testcase classname="Activity.AllPlanningPageUI" name="testNewPlanningPage" time="6.405"/>
  <system-out/>
</testsuite> <!-- Activity.AllPlanningPageUI -->
