<?xml version="1.0" encoding="UTF-8"?>
<!-- Generated by org.testng.reporters.JUnitReportReporter -->
<testsuite hostname="DESKTOP-96PLIVG" failures="0" tests="3" name="Activity.AllPlanningPageUI" time="43.215" errors="0" timestamp="2020-12-01T00:04:58 BDT" skipped="0">
  <testcase classname="Activity.AllPlanningPageUI" name="testLogin" time="20.076"/>
  <system-out/>
  <testcase classname="Activity.AllPlanningPageUI" name="testPlanningPage" time="16.725"/>
  <system-out/>
  <testcase classname="Activity.AllPlanningPageUI" name="testNewPlanningPage" time="6.414"/>
  <system-out/>
</testsuite> <!-- Activity.AllPlanningPageUI -->
