<?xml version="1.0" encoding="UTF-8"?>
<!-- Generated by org.testng.reporters.JUnitReportReporter -->
<testsuite hostname="DESKTOP-96PLIVG" failures="0" tests="1" name="Activity.SpolLoginActivity" time="68.766" errors="0" timestamp="2020-11-29T23:51:55 BDT" skipped="0">
  <testcase classname="Activity.SpolLoginActivity" name="f" time="68.766"/>
  <system-out/>
</testsuite> <!-- Activity.SpolLoginActivity -->
